<?xml version="1.0" encoding="UTF-8"?>
<testng-results ignored="0" total="1" passed="1" failed="0" skipped="0">
  <reporter-output>
    <line>
      <![CDATA[Chrome launched]]>
    </line>
  </reporter-output>
  <suite started-at="2019-05-02T07:20:49Z" name="Suite" finished-at="2019-05-02T07:20:59Z" duration-ms="10157">
    <groups>
    </groups>
    <test started-at="2019-05-02T07:20:49Z" name="Test" finished-at="2019-05-02T07:20:59Z" duration-ms="10157">
      <class name="t1.Test1">
        <test-method is-config="true" signature="launchURL(java.lang.String, org.testng.ITestContext)[pri:0, instance:t1.Test1@229f66ed]" started-at="2019-05-02T12:50:49Z" name="launchURL" finished-at="2019-05-02T12:50:52Z" duration-ms="3530" status="PASS">
          <params>
            <param index="0">
              <value>
                <![CDATA[chrome]]>
              </value>
            </param>
            <param index="1">
              <value>
                <![CDATA[org.testng.TestRunner@3deb2326]]>
              </value>
            </param>
          </params>
          <reporter-output>
            <line>
              <![CDATA[Chrome launched]]>
            </line>
          </reporter-output>
        </test-method> <!-- launchURL -->
        <test-method signature="name()[pri:0, instance:t1.Test1@229f66ed]" started-at="2019-05-02T12:50:52Z" name="name" finished-at="2019-05-02T12:50:59Z" duration-ms="6540" status="PASS">
          <reporter-output>
          </reporter-output>
        </test-method> <!-- name -->
        <test-method is-config="true" signature="closeBrowser()[pri:0, instance:t1.Test1@229f66ed]" started-at="2019-05-02T12:50:59Z" name="closeBrowser" finished-at="2019-05-02T12:50:59Z" duration-ms="69" status="PASS">
          <reporter-output>
          </reporter-output>
        </test-method> <!-- closeBrowser -->
      </class> <!-- t1.Test1 -->
    </test> <!-- Test -->
  </suite> <!-- Suite -->
</testng-results>
